app/build/intermediates/manifest_merge_blame_file/debug/manifest-merger-blame-debug-report.txt
1<?xml version="1.0" encoding="utf-8"?>
2<manifest xmlns:android="http://schemas.android.com/apk/res/android"
3    package="com.example.android.materialcomponents"
4    android:versionCode="1"
5    android:versionName="1.0" >
6
7    <uses-sdk
8        android:minSdkVersion="23"
8-->src\main\AndroidManifest.xml
9        android:targetSdkVersion="28" />
9-->src\main\AndroidManifest.xml
10
11    <application
11-->src\main\AndroidManifest.xml:6:5-48:19
12        android:allowBackup="true"
12-->src\main\AndroidManifest.xml:7:13-39
13        android:appComponentFactory="androidx.core.app.CoreComponentFactory"
13-->[androidx.core:core:1.1.0-alpha04] AndroidManifest.xml:22:18-86
14        android:debuggable="true"
15        android:icon="@mipmap/ic_launcher"
15-->src\main\AndroidManifest.xml:8:13-47
16        android:label="@string/app_name"
16-->src\main\AndroidManifest.xml:9:13-45
17        android:roundIcon="@mipmap/ic_launcher_round"
17-->src\main\AndroidManifest.xml:10:13-58
18        android:supportsRtl="true"
18-->src\main\AndroidManifest.xml:11:13-39
19        android:testOnly="true"
20        android:theme="@style/NewTheme" >
20-->src\main\AndroidManifest.xml:12:13-44
21        <activity android:name="com.example.android.materialcomponents.components.ChipsActivity" >
21-->src\main\AndroidManifest.xml:14:9-15:20
21-->src\main\AndroidManifest.xml:14:19-59
22        </activity>
23        <activity android:name="com.example.android.materialcomponents.components.CardActivity" >
23-->src\main\AndroidManifest.xml:16:9-17:20
23-->src\main\AndroidManifest.xml:16:19-58
24        </activity>
25        <activity android:name="com.example.android.materialcomponents.components.FABActivity" >
25-->src\main\AndroidManifest.xml:18:9-19:20
25-->src\main\AndroidManifest.xml:18:19-57
26        </activity>
27        <activity android:name="com.example.android.materialcomponents.components.ButtonsActivity" >
27-->src\main\AndroidManifest.xml:20:9-21:20
27-->src\main\AndroidManifest.xml:20:19-61
28        </activity>
29        <activity
29-->src\main\AndroidManifest.xml:22:9-25:20
30            android:name="com.example.android.materialcomponents.components.BottomNavigationActivity"
30-->src\main\AndroidManifest.xml:23:17-68
31            android:label="@string/title_activity_bottom_navigation" >
31-->src\main\AndroidManifest.xml:24:17-73
32        </activity>
33        <activity android:name="com.example.android.materialcomponents.components.ComingSoon" >
33-->src\main\AndroidManifest.xml:26:9-27:20
33-->src\main\AndroidManifest.xml:26:19-56
34        </activity>
35        <activity android:name="com.example.android.materialcomponents.components.BackdropActivity" >
35-->src\main\AndroidManifest.xml:28:9-29:20
35-->src\main\AndroidManifest.xml:28:19-62
36        </activity>
37        <activity android:name="com.example.android.materialcomponents.components.TopAppBarActivity" >
37-->src\main\AndroidManifest.xml:30:9-31:20
37-->src\main\AndroidManifest.xml:30:19-63
38        </activity>
39        <activity android:name="com.example.android.materialcomponents.components.BottomAppBarActivity" >
39-->src\main\AndroidManifest.xml:32:9-40:20
39-->src\main\AndroidManifest.xml:32:19-66
40
41            <!-- <intent-filter> -->
42            <!-- <action android:name="android.intent.action.MAIN"/> -->
43
44
45            <!-- <category android:name="android.intent.category.LAUNCHER"/> -->
46            <!-- </intent-filter> -->
47        </activity>
48        <activity android:name="com.example.android.materialcomponents.MainActivity" >
48-->src\main\AndroidManifest.xml:41:9-47:20
48-->src\main\AndroidManifest.xml:41:19-47
49            <intent-filter>
49-->src\main\AndroidManifest.xml:42:13-46:29
50                <action android:name="android.intent.action.MAIN" />
50-->src\main\AndroidManifest.xml:43:17-68
50-->src\main\AndroidManifest.xml:43:25-66
51
52                <category android:name="android.intent.category.LAUNCHER" />
52-->src\main\AndroidManifest.xml:45:17-76
52-->src\main\AndroidManifest.xml:45:27-74
53            </intent-filter>
54        </activity>
55    </application>
56
57</manifest>